[ 2018-03-10T07:25:20+08:00 ] 192.168.1.102 /index.php/Admin/Email/getEmail
INFO: [ app_begin ] --START--
INFO: Run Behavior\ReadHtmlCacheBehavior [ RunTime:0.001679s ]
INFO: [ app_begin ] --END-- [ RunTime:0.001749s ]
SQL: select count(*)as count from my_email,my_user where my_email.from_id = my_user.id and my_email.to_id = 7 and my_email.isread !=1 [ RunTime:0.0053s ]
INFO: [ app_end ] --START--
INFO: Run Behavior\ShowPageTraceBehavior [ RunTime:0.001064s ]
INFO: [ app_end ] --END-- [ RunTime:0.001117s ]

[ 2018-03-10T07:25:25+08:00 ] 192.168.1.102 /index.php/Admin/Email/getEmail
INFO: [ app_begin ] --START--
INFO: Run Behavior\ReadHtmlCacheBehavior [ RunTime:0.001340s ]
INFO: [ app_begin ] --END-- [ RunTime:0.001420s ]
SQL: select count(*)as count from my_email,my_user where my_email.from_id = my_user.id and my_email.to_id = 7 and my_email.isread !=1 [ RunTime:0.0008s ]
INFO: [ app_end ] --START--
INFO: Run Behavior\ShowPageTraceBehavior [ RunTime:0.001222s ]
INFO: [ app_end ] --END-- [ RunTime:0.001287s ]

[ 2018-03-10T07:25:30+08:00 ] 192.168.1.102 /index.php/Admin/Email/getEmail
INFO: [ app_begin ] --START--
INFO: Run Behavior\ReadHtmlCacheBehavior [ RunTime:0.001103s ]
INFO: [ app_begin ] --END-- [ RunTime:0.001198s ]
SQL: select count(*)as count from my_email,my_user where my_email.from_id = my_user.id and my_email.to_id = 7 and my_email.isread !=1 [ RunTime:0.0006s ]
INFO: [ app_end ] --START--
INFO: Run Behavior\ShowPageTraceBehavior [ RunTime:0.001198s ]
INFO: [ app_end ] --END-- [ RunTime:0.001272s ]

[ 2018-03-10T07:25:34+08:00 ] 192.168.1.102 /index.php/Admin/Email/getMessage
INFO: [ app_begin ] --START--
INFO: Run Behavior\ReadHtmlCacheBehavior [ RunTime:0.001099s ]
INFO: [ app_begin ] --END-- [ RunTime:0.001175s ]
SQL: select  my_user.username as sender,my_email.title,my_email.isread,my_email.addtime from my_email,my_user where my_email.from_id = my_user.id and my_email.to_id = 7 and my_email.isread !=1  order by my_email.addtime desc limit 5 [ RunTime:0.0032s ]
INFO: [ app_end ] --START--
INFO: Run Behavior\ShowPageTraceBehavior [ RunTime:0.001228s ]
INFO: [ app_end ] --END-- [ RunTime:0.001304s ]

[ 2018-03-10T07:25:35+08:00 ] 192.168.1.102 /index.php/Admin/Email/getEmail
INFO: [ app_begin ] --START--
INFO: Run Behavior\ReadHtmlCacheBehavior [ RunTime:0.001785s ]
INFO: [ app_begin ] --END-- [ RunTime:0.001942s ]
SQL: select count(*)as count from my_email,my_user where my_email.from_id = my_user.id and my_email.to_id = 7 and my_email.isread !=1 [ RunTime:0.0008s ]
INFO: [ app_end ] --START--
INFO: Run Behavior\ShowPageTraceBehavior [ RunTime:0.001582s ]
INFO: [ app_end ] --END-- [ RunTime:0.001650s ]

[ 2018-03-10T07:25:37+08:00 ] 192.168.1.102 /index.php/Admin/Email/getMessage
INFO: [ app_begin ] --START--
INFO: Run Behavior\ReadHtmlCacheBehavior [ RunTime:0.001123s ]
INFO: [ app_begin ] --END-- [ RunTime:0.001179s ]
SQL: select  my_user.username as sender,my_email.title,my_email.isread,my_email.addtime from my_email,my_user where my_email.from_id = my_user.id and my_email.to_id = 7 and my_email.isread !=1  order by my_email.addtime desc limit 5 [ RunTime:0.0011s ]
INFO: [ app_end ] --START--
INFO: Run Behavior\ShowPageTraceBehavior [ RunTime:0.002671s ]
INFO: [ app_end ] --END-- [ RunTime:0.002746s ]

[ 2018-03-10T07:25:38+08:00 ] 192.168.1.102 /index.php/Admin/Email/getMessage
INFO: [ app_begin ] --START--
INFO: Run Behavior\ReadHtmlCacheBehavior [ RunTime:0.001305s ]
INFO: [ app_begin ] --END-- [ RunTime:0.001467s ]
SQL: select  my_user.username as sender,my_email.title,my_email.isread,my_email.addtime from my_email,my_user where my_email.from_id = my_user.id and my_email.to_id = 7 and my_email.isread !=1  order by my_email.addtime desc limit 5 [ RunTime:0.0012s ]
INFO: [ app_end ] --START--
INFO: Run Behavior\ShowPageTraceBehavior [ RunTime:0.001200s ]
INFO: [ app_end ] --END-- [ RunTime:0.001251s ]

[ 2018-03-10T07:25:39+08:00 ] 192.168.1.102 /index.php/Admin/Email/getMessage
INFO: [ app_begin ] --START--
INFO: Run Behavior\ReadHtmlCacheBehavior [ RunTime:0.000973s ]
INFO: [ app_begin ] --END-- [ RunTime:0.001031s ]
SQL: select  my_user.username as sender,my_email.title,my_email.isread,my_email.addtime from my_email,my_user where my_email.from_id = my_user.id and my_email.to_id = 7 and my_email.isread !=1  order by my_email.addtime desc limit 5 [ RunTime:0.0010s ]
INFO: [ app_end ] --START--
INFO: Run Behavior\ShowPageTraceBehavior [ RunTime:0.001103s ]
INFO: [ app_end ] --END-- [ RunTime:0.001148s ]

[ 2018-03-10T07:25:40+08:00 ] 192.168.1.102 /index.php/Admin/Email/getMessage
INFO: [ app_begin ] --START--
INFO: Run Behavior\ReadHtmlCacheBehavior [ RunTime:0.001516s ]
INFO: [ app_begin ] --END-- [ RunTime:0.001644s ]
SQL: select  my_user.username as sender,my_email.title,my_email.isread,my_email.addtime from my_email,my_user where my_email.from_id = my_user.id and my_email.to_id = 7 and my_email.isread !=1  order by my_email.addtime desc limit 5 [ RunTime:0.0012s ]
INFO: [ app_end ] --START--
INFO: Run Behavior\ShowPageTraceBehavior [ RunTime:0.001655s ]
INFO: [ app_end ] --END-- [ RunTime:0.001813s ]

[ 2018-03-10T07:25:40+08:00 ] 192.168.1.102 /index.php/Admin/Email/getEmail
INFO: [ app_begin ] --START--
INFO: Run Behavior\ReadHtmlCacheBehavior [ RunTime:0.001562s ]
INFO: [ app_begin ] --END-- [ RunTime:0.001668s ]
SQL: select count(*)as count from my_email,my_user where my_email.from_id = my_user.id and my_email.to_id = 7 and my_email.isread !=1 [ RunTime:0.0009s ]
INFO: [ app_end ] --START--
INFO: Run Behavior\ShowPageTraceBehavior [ RunTime:0.001676s ]
INFO: [ app_end ] --END-- [ RunTime:0.001749s ]

[ 2018-03-10T07:25:41+08:00 ] 192.168.1.102 /index.php/Admin/Email/getMessage
INFO: [ app_begin ] --START--
INFO: Run Behavior\ReadHtmlCacheBehavior [ RunTime:0.001074s ]
INFO: [ app_begin ] --END-- [ RunTime:0.001133s ]
SQL: select  my_user.username as sender,my_email.title,my_email.isread,my_email.addtime from my_email,my_user where my_email.from_id = my_user.id and my_email.to_id = 7 and my_email.isread !=1  order by my_email.addtime desc limit 5 [ RunTime:0.0009s ]
INFO: [ app_end ] --START--
INFO: Run Behavior\ShowPageTraceBehavior [ RunTime:0.001039s ]
INFO: [ app_end ] --END-- [ RunTime:0.001081s ]

[ 2018-03-10T07:25:42+08:00 ] 192.168.1.102 /index.php/Admin/Email/getMessage
INFO: [ app_begin ] --START--
INFO: Run Behavior\ReadHtmlCacheBehavior [ RunTime:0.000904s ]
INFO: [ app_begin ] --END-- [ RunTime:0.000963s ]
SQL: select  my_user.username as sender,my_email.title,my_email.isread,my_email.addtime from my_email,my_user where my_email.from_id = my_user.id and my_email.to_id = 7 and my_email.isread !=1  order by my_email.addtime desc limit 5 [ RunTime:0.0010s ]
INFO: [ app_end ] --START--
INFO: Run Behavior\ShowPageTraceBehavior [ RunTime:0.001101s ]
INFO: [ app_end ] --END-- [ RunTime:0.001148s ]

[ 2018-03-10T07:25:42+08:00 ] 192.168.1.102 /index.php/Admin/Email/getMessage
INFO: [ app_begin ] --START--
INFO: Run Behavior\ReadHtmlCacheBehavior [ RunTime:0.000952s ]
INFO: [ app_begin ] --END-- [ RunTime:0.001013s ]
SQL: select  my_user.username as sender,my_email.title,my_email.isread,my_email.addtime from my_email,my_user where my_email.from_id = my_user.id and my_email.to_id = 7 and my_email.isread !=1  order by my_email.addtime desc limit 5 [ RunTime:0.0009s ]
INFO: [ app_end ] --START--
INFO: Run Behavior\ShowPageTraceBehavior [ RunTime:0.001346s ]
INFO: [ app_end ] --END-- [ RunTime:0.001413s ]

[ 2018-03-10T07:25:42+08:00 ] 192.168.1.102 /index.php/Admin/Email/getMessage
INFO: [ app_begin ] --START--
INFO: Run Behavior\ReadHtmlCacheBehavior [ RunTime:0.000933s ]
INFO: [ app_begin ] --END-- [ RunTime:0.000988s ]
SQL: select  my_user.username as sender,my_email.title,my_email.isread,my_email.addtime from my_email,my_user where my_email.from_id = my_user.id and my_email.to_id = 7 and my_email.isread !=1  order by my_email.addtime desc limit 5 [ RunTime:0.0009s ]
INFO: [ app_end ] --START--
INFO: Run Behavior\ShowPageTraceBehavior [ RunTime:0.000953s ]
INFO: [ app_end ] --END-- [ RunTime:0.000997s ]

[ 2018-03-10T07:25:42+08:00 ] 192.168.1.102 /index.php/Admin/Email/getMessage
INFO: [ app_begin ] --START--
INFO: Run Behavior\ReadHtmlCacheBehavior [ RunTime:0.001264s ]
INFO: [ app_begin ] --END-- [ RunTime:0.001419s ]
SQL: select  my_user.username as sender,my_email.title,my_email.isread,my_email.addtime from my_email,my_user where my_email.from_id = my_user.id and my_email.to_id = 7 and my_email.isread !=1  order by my_email.addtime desc limit 5 [ RunTime:0.0010s ]
INFO: [ app_end ] --START--
INFO: Run Behavior\ShowPageTraceBehavior [ RunTime:0.001102s ]
INFO: [ app_end ] --END-- [ RunTime:0.001177s ]

[ 2018-03-10T07:25:42+08:00 ] 192.168.1.102 /index.php/Admin/Email/getMessage
INFO: [ app_begin ] --START--
INFO: Run Behavior\ReadHtmlCacheBehavior [ RunTime:0.001732s ]
INFO: [ app_begin ] --END-- [ RunTime:0.001847s ]
SQL: select  my_user.username as sender,my_email.title,my_email.isread,my_email.addtime from my_email,my_user where my_email.from_id = my_user.id and my_email.to_id = 7 and my_email.isread !=1  order by my_email.addtime desc limit 5 [ RunTime:0.0008s ]
INFO: [ app_end ] --START--
INFO: Run Behavior\ShowPageTraceBehavior [ RunTime:0.001072s ]
INFO: [ app_end ] --END-- [ RunTime:0.001124s ]

[ 2018-03-10T07:25:42+08:00 ] 192.168.1.102 /index.php/Admin/Email/getMessage
INFO: [ app_begin ] --START--
INFO: Run Behavior\ReadHtmlCacheBehavior [ RunTime:0.000952s ]
INFO: [ app_begin ] --END-- [ RunTime:0.001004s ]
SQL: select  my_user.username as sender,my_email.title,my_email.isread,my_email.addtime from my_email,my_user where my_email.from_id = my_user.id and my_email.to_id = 7 and my_email.isread !=1  order by my_email.addtime desc limit 5 [ RunTime:0.0008s ]
INFO: [ app_end ] --START--
INFO: Run Behavior\ShowPageTraceBehavior [ RunTime:0.001094s ]
INFO: [ app_end ] --END-- [ RunTime:0.001138s ]

[ 2018-03-10T07:25:43+08:00 ] 192.168.1.102 /index.php/Admin/Email/getMessage
INFO: [ app_begin ] --START--
INFO: Run Behavior\ReadHtmlCacheBehavior [ RunTime:0.002092s ]
INFO: [ app_begin ] --END-- [ RunTime:0.002215s ]
SQL: select  my_user.username as sender,my_email.title,my_email.isread,my_email.addtime from my_email,my_user where my_email.from_id = my_user.id and my_email.to_id = 7 and my_email.isread !=1  order by my_email.addtime desc limit 5 [ RunTime:0.0012s ]
INFO: [ app_end ] --START--
INFO: Run Behavior\ShowPageTraceBehavior [ RunTime:0.001316s ]
INFO: [ app_end ] --END-- [ RunTime:0.001373s ]

[ 2018-03-10T07:25:43+08:00 ] 192.168.1.102 /index.php/Admin/Email/getMessage
INFO: [ app_begin ] --START--
INFO: Run Behavior\ReadHtmlCacheBehavior [ RunTime:0.000993s ]
INFO: [ app_begin ] --END-- [ RunTime:0.001065s ]
SQL: select  my_user.username as sender,my_email.title,my_email.isread,my_email.addtime from my_email,my_user where my_email.from_id = my_user.id and my_email.to_id = 7 and my_email.isread !=1  order by my_email.addtime desc limit 5 [ RunTime:0.0009s ]
INFO: [ app_end ] --START--
INFO: Run Behavior\ShowPageTraceBehavior [ RunTime:0.001101s ]
INFO: [ app_end ] --END-- [ RunTime:0.001148s ]

[ 2018-03-10T07:25:43+08:00 ] 192.168.1.102 /index.php/Admin/Email/getMessage
INFO: [ app_begin ] --START--
INFO: Run Behavior\ReadHtmlCacheBehavior [ RunTime:0.003413s ]
INFO: [ app_begin ] --END-- [ RunTime:0.003503s ]
SQL: select  my_user.username as sender,my_email.title,my_email.isread,my_email.addtime from my_email,my_user where my_email.from_id = my_user.id and my_email.to_id = 7 and my_email.isread !=1  order by my_email.addtime desc limit 5 [ RunTime:0.0008s ]
INFO: [ app_end ] --START--
INFO: Run Behavior\ShowPageTraceBehavior [ RunTime:0.001123s ]
INFO: [ app_end ] --END-- [ RunTime:0.001174s ]

[ 2018-03-10T07:25:43+08:00 ] 192.168.1.102 /index.php/Admin/Email/getMessage
INFO: [ app_begin ] --START--
INFO: Run Behavior\ReadHtmlCacheBehavior [ RunTime:0.001965s ]
INFO: [ app_begin ] --END-- [ RunTime:0.002121s ]
SQL: select  my_user.username as sender,my_email.title,my_email.isread,my_email.addtime from my_email,my_user where my_email.from_id = my_user.id and my_email.to_id = 7 and my_email.isread !=1  order by my_email.addtime desc limit 5 [ RunTime:0.0022s ]
INFO: [ app_end ] --START--
INFO: Run Behavior\ShowPageTraceBehavior [ RunTime:0.001136s ]
INFO: [ app_end ] --END-- [ RunTime:0.001189s ]

[ 2018-03-10T07:25:44+08:00 ] 192.168.1.102 /index.php/Admin/Email/getMessage
INFO: [ app_begin ] --START--
INFO: Run Behavior\ReadHtmlCacheBehavior [ RunTime:0.001022s ]
INFO: [ app_begin ] --END-- [ RunTime:0.001076s ]
SQL: select  my_user.username as sender,my_email.title,my_email.isread,my_email.addtime from my_email,my_user where my_email.from_id = my_user.id and my_email.to_id = 7 and my_email.isread !=1  order by my_email.addtime desc limit 5 [ RunTime:0.0008s ]
INFO: [ app_end ] --START--
INFO: Run Behavior\ShowPageTraceBehavior [ RunTime:0.000972s ]
INFO: [ app_end ] --END-- [ RunTime:0.001035s ]

[ 2018-03-10T07:25:45+08:00 ] 192.168.1.102 /index.php/Admin/Email/getEmail
INFO: [ app_begin ] --START--
INFO: Run Behavior\ReadHtmlCacheBehavior [ RunTime:0.000925s ]
INFO: [ app_begin ] --END-- [ RunTime:0.000983s ]
SQL: select count(*)as count from my_email,my_user where my_email.from_id = my_user.id and my_email.to_id = 7 and my_email.isread !=1 [ RunTime:0.0017s ]
INFO: [ app_end ] --START--
INFO: Run Behavior\ShowPageTraceBehavior [ RunTime:0.001361s ]
INFO: [ app_end ] --END-- [ RunTime:0.001437s ]

[ 2018-03-10T07:25:46+08:00 ] 192.168.1.102 /index.php/Admin/Email/getMessage
INFO: [ app_begin ] --START--
INFO: Run Behavior\ReadHtmlCacheBehavior [ RunTime:0.001355s ]
INFO: [ app_begin ] --END-- [ RunTime:0.001441s ]
SQL: select  my_user.username as sender,my_email.title,my_email.isread,my_email.addtime from my_email,my_user where my_email.from_id = my_user.id and my_email.to_id = 7 and my_email.isread !=1  order by my_email.addtime desc limit 5 [ RunTime:0.0009s ]
INFO: [ app_end ] --START--
INFO: Run Behavior\ShowPageTraceBehavior [ RunTime:0.001043s ]
INFO: [ app_end ] --END-- [ RunTime:0.001094s ]

[ 2018-03-10T07:25:48+08:00 ] 192.168.1.102 /index.php/Admin/Email/getMessage
INFO: [ app_begin ] --START--
INFO: Run Behavior\ReadHtmlCacheBehavior [ RunTime:0.000940s ]
INFO: [ app_begin ] --END-- [ RunTime:0.000992s ]
SQL: select  my_user.username as sender,my_email.title,my_email.isread,my_email.addtime from my_email,my_user where my_email.from_id = my_user.id and my_email.to_id = 7 and my_email.isread !=1  order by my_email.addtime desc limit 5 [ RunTime:0.0008s ]
INFO: [ app_end ] --START--
INFO: Run Behavior\ShowPageTraceBehavior [ RunTime:0.001515s ]
INFO: [ app_end ] --END-- [ RunTime:0.001640s ]

[ 2018-03-10T07:25:50+08:00 ] 192.168.1.102 /index.php/Admin/Email/getMessage
INFO: [ app_begin ] --START--
INFO: Run Behavior\ReadHtmlCacheBehavior [ RunTime:0.001379s ]
INFO: [ app_begin ] --END-- [ RunTime:0.001477s ]
SQL: select  my_user.username as sender,my_email.title,my_email.isread,my_email.addtime from my_email,my_user where my_email.from_id = my_user.id and my_email.to_id = 7 and my_email.isread !=1  order by my_email.addtime desc limit 5 [ RunTime:0.0012s ]
INFO: [ app_end ] --START--
INFO: Run Behavior\ShowPageTraceBehavior [ RunTime:0.001687s ]
INFO: [ app_end ] --END-- [ RunTime:0.001771s ]

[ 2018-03-10T07:25:51+08:00 ] 192.168.1.102 /index.php/Admin/Email/getMessage
INFO: [ app_begin ] --START--
INFO: Run Behavior\ReadHtmlCacheBehavior [ RunTime:0.000837s ]
INFO: [ app_begin ] --END-- [ RunTime:0.000888s ]
SQL: select  my_user.username as sender,my_email.title,my_email.isread,my_email.addtime from my_email,my_user where my_email.from_id = my_user.id and my_email.to_id = 7 and my_email.isread !=1  order by my_email.addtime desc limit 5 [ RunTime:0.0007s ]
INFO: [ app_end ] --START--
INFO: Run Behavior\ShowPageTraceBehavior [ RunTime:0.000940s ]
INFO: [ app_end ] --END-- [ RunTime:0.000984s ]

[ 2018-03-10T07:25:53+08:00 ] 192.168.1.102 /index.php/Admin/Email/getEmail
INFO: [ app_begin ] --START--
INFO: Run Behavior\ReadHtmlCacheBehavior [ RunTime:0.000933s ]
INFO: [ app_begin ] --END-- [ RunTime:0.001007s ]
SQL: select count(*)as count from my_email,my_user where my_email.from_id = my_user.id and my_email.to_id = 7 and my_email.isread !=1 [ RunTime:0.0006s ]
INFO: [ app_end ] --START--
INFO: Run Behavior\ShowPageTraceBehavior [ RunTime:0.001081s ]
INFO: [ app_end ] --END-- [ RunTime:0.001126s ]

[ 2018-03-10T07:25:54+08:00 ] 192.168.1.102 /index.php/Admin/Email/getMessage
INFO: [ app_begin ] --START--
INFO: Run Behavior\ReadHtmlCacheBehavior [ RunTime:0.001131s ]
INFO: [ app_begin ] --END-- [ RunTime:0.001218s ]
SQL: select  my_user.username as sender,my_email.title,my_email.isread,my_email.addtime from my_email,my_user where my_email.from_id = my_user.id and my_email.to_id = 7 and my_email.isread !=1  order by my_email.addtime desc limit 5 [ RunTime:0.0008s ]
INFO: [ app_end ] --START--
INFO: Run Behavior\ShowPageTraceBehavior [ RunTime:0.001043s ]
INFO: [ app_end ] --END-- [ RunTime:0.001087s ]

[ 2018-03-10T07:25:54+08:00 ] 192.168.1.102 /index.php/Admin/Email/getMessage
INFO: [ app_begin ] --START--
INFO: Run Behavior\ReadHtmlCacheBehavior [ RunTime:0.001573s ]
INFO: [ app_begin ] --END-- [ RunTime:0.001666s ]
SQL: select  my_user.username as sender,my_email.title,my_email.isread,my_email.addtime from my_email,my_user where my_email.from_id = my_user.id and my_email.to_id = 7 and my_email.isread !=1  order by my_email.addtime desc limit 5 [ RunTime:0.0013s ]
INFO: [ app_end ] --START--
INFO: Run Behavior\ShowPageTraceBehavior [ RunTime:0.003150s ]
INFO: [ app_end ] --END-- [ RunTime:0.003261s ]

[ 2018-03-10T07:25:54+08:00 ] 192.168.1.102 /index.php/Admin/Email/getMessage
INFO: [ app_begin ] --START--
INFO: Run Behavior\ReadHtmlCacheBehavior [ RunTime:0.001197s ]
INFO: [ app_begin ] --END-- [ RunTime:0.001251s ]
SQL: select  my_user.username as sender,my_email.title,my_email.isread,my_email.addtime from my_email,my_user where my_email.from_id = my_user.id and my_email.to_id = 7 and my_email.isread !=1  order by my_email.addtime desc limit 5 [ RunTime:0.0008s ]
INFO: [ app_end ] --START--
INFO: Run Behavior\ShowPageTraceBehavior [ RunTime:0.001182s ]
INFO: [ app_end ] --END-- [ RunTime:0.001240s ]

[ 2018-03-10T07:25:54+08:00 ] 192.168.1.102 /index.php/Admin/Email/getMessage
INFO: [ app_begin ] --START--
INFO: Run Behavior\ReadHtmlCacheBehavior [ RunTime:0.000985s ]
INFO: [ app_begin ] --END-- [ RunTime:0.001037s ]
SQL: select  my_user.username as sender,my_email.title,my_email.isread,my_email.addtime from my_email,my_user where my_email.from_id = my_user.id and my_email.to_id = 7 and my_email.isread !=1  order by my_email.addtime desc limit 5 [ RunTime:0.0007s ]
INFO: [ app_end ] --START--
INFO: Run Behavior\ShowPageTraceBehavior [ RunTime:0.001208s ]
INFO: [ app_end ] --END-- [ RunTime:0.001276s ]

[ 2018-03-10T07:25:55+08:00 ] 192.168.1.102 /index.php/Admin/Email/getMessage
INFO: [ app_begin ] --START--
INFO: Run Behavior\ReadHtmlCacheBehavior [ RunTime:0.001030s ]
INFO: [ app_begin ] --END-- [ RunTime:0.001089s ]
SQL: select  my_user.username as sender,my_email.title,my_email.isread,my_email.addtime from my_email,my_user where my_email.from_id = my_user.id and my_email.to_id = 7 and my_email.isread !=1  order by my_email.addtime desc limit 5 [ RunTime:0.0009s ]
INFO: [ app_end ] --START--
INFO: Run Behavior\ShowPageTraceBehavior [ RunTime:0.001073s ]
INFO: [ app_end ] --END-- [ RunTime:0.001118s ]

[ 2018-03-10T07:25:55+08:00 ] 192.168.1.102 /index.php/Admin/Email/getMessage
INFO: [ app_begin ] --START--
INFO: Run Behavior\ReadHtmlCacheBehavior [ RunTime:0.001157s ]
INFO: [ app_begin ] --END-- [ RunTime:0.001237s ]
SQL: select  my_user.username as sender,my_email.title,my_email.isread,my_email.addtime from my_email,my_user where my_email.from_id = my_user.id and my_email.to_id = 7 and my_email.isread !=1  order by my_email.addtime desc limit 5 [ RunTime:0.0009s ]
INFO: [ app_end ] --START--
INFO: Run Behavior\ShowPageTraceBehavior [ RunTime:0.001067s ]
INFO: [ app_end ] --END-- [ RunTime:0.001111s ]

[ 2018-03-10T07:25:55+08:00 ] 192.168.1.102 /index.php/Admin/Email/getMessage
INFO: [ app_begin ] --START--
INFO: Run Behavior\ReadHtmlCacheBehavior [ RunTime:0.001109s ]
INFO: [ app_begin ] --END-- [ RunTime:0.001178s ]
SQL: select  my_user.username as sender,my_email.title,my_email.isread,my_email.addtime from my_email,my_user where my_email.from_id = my_user.id and my_email.to_id = 7 and my_email.isread !=1  order by my_email.addtime desc limit 5 [ RunTime:0.0013s ]
INFO: [ app_end ] --START--
INFO: Run Behavior\ShowPageTraceBehavior [ RunTime:0.001281s ]
INFO: [ app_end ] --END-- [ RunTime:0.001355s ]

[ 2018-03-10T07:25:55+08:00 ] 192.168.1.102 /index.php/Admin/Email/getEmail
INFO: [ app_begin ] --START--
INFO: Run Behavior\ReadHtmlCacheBehavior [ RunTime:0.000832s ]
INFO: [ app_begin ] --END-- [ RunTime:0.000893s ]
SQL: select count(*)as count from my_email,my_user where my_email.from_id = my_user.id and my_email.to_id = 7 and my_email.isread !=1 [ RunTime:0.0012s ]
INFO: [ app_end ] --START--
INFO: Run Behavior\ShowPageTraceBehavior [ RunTime:0.001021s ]
INFO: [ app_end ] --END-- [ RunTime:0.001065s ]

[ 2018-03-10T07:25:55+08:00 ] 192.168.1.102 /index.php/Admin/Email/getMessage
INFO: [ app_begin ] --START--
INFO: Run Behavior\ReadHtmlCacheBehavior [ RunTime:0.001738s ]
INFO: [ app_begin ] --END-- [ RunTime:0.001918s ]
SQL: select  my_user.username as sender,my_email.title,my_email.isread,my_email.addtime from my_email,my_user where my_email.from_id = my_user.id and my_email.to_id = 7 and my_email.isread !=1  order by my_email.addtime desc limit 5 [ RunTime:0.0009s ]
INFO: [ app_end ] --START--
INFO: Run Behavior\ShowPageTraceBehavior [ RunTime:0.000989s ]
INFO: [ app_end ] --END-- [ RunTime:0.001034s ]

[ 2018-03-10T07:25:55+08:00 ] 192.168.1.102 /index.php/Admin/Email/getMessage
INFO: [ app_begin ] --START--
INFO: Run Behavior\ReadHtmlCacheBehavior [ RunTime:0.001812s ]
INFO: [ app_begin ] --END-- [ RunTime:0.002090s ]
SQL: select  my_user.username as sender,my_email.title,my_email.isread,my_email.addtime from my_email,my_user where my_email.from_id = my_user.id and my_email.to_id = 7 and my_email.isread !=1  order by my_email.addtime desc limit 5 [ RunTime:0.0019s ]
INFO: [ app_end ] --START--
INFO: Run Behavior\ShowPageTraceBehavior [ RunTime:0.001385s ]
INFO: [ app_end ] --END-- [ RunTime:0.001448s ]

[ 2018-03-10T07:25:56+08:00 ] 192.168.1.102 /index.php/Admin/Email/getMessage
INFO: [ app_begin ] --START--
INFO: Run Behavior\ReadHtmlCacheBehavior [ RunTime:0.002821s ]
INFO: [ app_begin ] --END-- [ RunTime:0.003041s ]
SQL: select  my_user.username as sender,my_email.title,my_email.isread,my_email.addtime from my_email,my_user where my_email.from_id = my_user.id and my_email.to_id = 7 and my_email.isread !=1  order by my_email.addtime desc limit 5 [ RunTime:0.0010s ]
INFO: [ app_end ] --START--
INFO: Run Behavior\ShowPageTraceBehavior [ RunTime:0.001129s ]
INFO: [ app_end ] --END-- [ RunTime:0.001175s ]

[ 2018-03-10T07:25:56+08:00 ] 192.168.1.102 /index.php/Admin/Email/getMessage
INFO: [ app_begin ] --START--
INFO: Run Behavior\ReadHtmlCacheBehavior [ RunTime:0.001791s ]
INFO: [ app_begin ] --END-- [ RunTime:0.001971s ]
SQL: select  my_user.username as sender,my_email.title,my_email.isread,my_email.addtime from my_email,my_user where my_email.from_id = my_user.id and my_email.to_id = 7 and my_email.isread !=1  order by my_email.addtime desc limit 5 [ RunTime:0.0009s ]
INFO: [ app_end ] --START--
INFO: Run Behavior\ShowPageTraceBehavior [ RunTime:0.001118s ]
INFO: [ app_end ] --END-- [ RunTime:0.001163s ]

[ 2018-03-10T07:25:56+08:00 ] 192.168.1.102 /index.php/Admin/Email/getMessage
INFO: [ app_begin ] --START--
INFO: Run Behavior\ReadHtmlCacheBehavior [ RunTime:0.001181s ]
INFO: [ app_begin ] --END-- [ RunTime:0.001266s ]
SQL: select  my_user.username as sender,my_email.title,my_email.isread,my_email.addtime from my_email,my_user where my_email.from_id = my_user.id and my_email.to_id = 7 and my_email.isread !=1  order by my_email.addtime desc limit 5 [ RunTime:0.0010s ]
INFO: [ app_end ] --START--
INFO: Run Behavior\ShowPageTraceBehavior [ RunTime:0.001195s ]
INFO: [ app_end ] --END-- [ RunTime:0.001261s ]

[ 2018-03-10T07:25:56+08:00 ] 192.168.1.102 /index.php/Admin/Email/getMessage
INFO: [ app_begin ] --START--
INFO: Run Behavior\ReadHtmlCacheBehavior [ RunTime:0.001239s ]
INFO: [ app_begin ] --END-- [ RunTime:0.001324s ]
SQL: select  my_user.username as sender,my_email.title,my_email.isread,my_email.addtime from my_email,my_user where my_email.from_id = my_user.id and my_email.to_id = 7 and my_email.isread !=1  order by my_email.addtime desc limit 5 [ RunTime:0.0013s ]
INFO: [ app_end ] --START--
INFO: Run Behavior\ShowPageTraceBehavior [ RunTime:0.001535s ]
INFO: [ app_end ] --END-- [ RunTime:0.001596s ]

[ 2018-03-10T07:25:56+08:00 ] 192.168.1.102 /index.php/Admin/Email/getMessage
INFO: [ app_begin ] --START--
INFO: Run Behavior\ReadHtmlCacheBehavior [ RunTime:0.001162s ]
INFO: [ app_begin ] --END-- [ RunTime:0.001268s ]
SQL: select  my_user.username as sender,my_email.title,my_email.isread,my_email.addtime from my_email,my_user where my_email.from_id = my_user.id and my_email.to_id = 7 and my_email.isread !=1  order by my_email.addtime desc limit 5 [ RunTime:0.0008s ]
INFO: [ app_end ] --START--
INFO: Run Behavior\ShowPageTraceBehavior [ RunTime:0.001007s ]
INFO: [ app_end ] --END-- [ RunTime:0.001055s ]

[ 2018-03-10T07:26:00+08:00 ] 192.168.1.102 /index.php/Admin/Email/getEmail
INFO: [ app_begin ] --START--
INFO: Run Behavior\ReadHtmlCacheBehavior [ RunTime:0.002382s ]
INFO: [ app_begin ] --END-- [ RunTime:0.002471s ]
SQL: select count(*)as count from my_email,my_user where my_email.from_id = my_user.id and my_email.to_id = 7 and my_email.isread !=1 [ RunTime:0.0008s ]
INFO: [ app_end ] --START--
INFO: Run Behavior\ShowPageTraceBehavior [ RunTime:0.001208s ]
INFO: [ app_end ] --END-- [ RunTime:0.001260s ]

[ 2018-03-10T07:26:11+08:00 ] 192.168.1.102 /index.php/Admin/Email/getMessage
INFO: [ app_begin ] --START--
INFO: Run Behavior\ReadHtmlCacheBehavior [ RunTime:0.002177s ]
INFO: [ app_begin ] --END-- [ RunTime:0.002249s ]
SQL: select  my_user.username as sender,my_email.title,my_email.isread,my_email.addtime from my_email,my_user where my_email.from_id = my_user.id and my_email.to_id = 7 and my_email.isread !=1  order by my_email.addtime desc limit 5 [ RunTime:0.0009s ]
INFO: [ app_end ] --START--
INFO: Run Behavior\ShowPageTraceBehavior [ RunTime:0.001127s ]
INFO: [ app_end ] --END-- [ RunTime:0.001176s ]

[ 2018-03-10T07:26:15+08:00 ] 192.168.1.102 /index.php/Admin/Email/getEmail
INFO: [ app_begin ] --START--
INFO: Run Behavior\ReadHtmlCacheBehavior [ RunTime:0.002536s ]
INFO: [ app_begin ] --END-- [ RunTime:0.002716s ]
SQL: select count(*)as count from my_email,my_user where my_email.from_id = my_user.id and my_email.to_id = 7 and my_email.isread !=1 [ RunTime:0.0009s ]
INFO: [ app_end ] --START--
INFO: Run Behavior\ShowPageTraceBehavior [ RunTime:0.001171s ]
INFO: [ app_end ] --END-- [ RunTime:0.001215s ]

[ 2018-03-10T07:26:19+08:00 ] 192.168.1.102 /index.php/Admin/Email/getEmail
INFO: [ app_begin ] --START--
INFO: Run Behavior\ReadHtmlCacheBehavior [ RunTime:0.001553s ]
INFO: [ app_begin ] --END-- [ RunTime:0.001797s ]
SQL: select count(*)as count from my_email,my_user where my_email.from_id = my_user.id and my_email.to_id = 7 and my_email.isread !=1 [ RunTime:0.0005s ]
INFO: [ app_end ] --START--
INFO: Run Behavior\ShowPageTraceBehavior [ RunTime:0.001112s ]
INFO: [ app_end ] --END-- [ RunTime:0.001159s ]

[ 2018-03-10T07:26:24+08:00 ] 192.168.1.102 /index.php/Admin/Email/getEmail
INFO: [ app_begin ] --START--
INFO: Run Behavior\ReadHtmlCacheBehavior [ RunTime:0.003937s ]
INFO: [ app_begin ] --END-- [ RunTime:0.005598s ]
SQL: select count(*)as count from my_email,my_user where my_email.from_id = my_user.id and my_email.to_id = 7 and my_email.isread !=1 [ RunTime:0.0006s ]
INFO: [ app_end ] --START--
INFO: Run Behavior\ShowPageTraceBehavior [ RunTime:0.001119s ]
INFO: [ app_end ] --END-- [ RunTime:0.001169s ]

[ 2018-03-10T07:44:24+08:00 ] 192.168.1.102 /index.php/Admin/Email/getEmail
INFO: [ app_begin ] --START--
INFO: Run Behavior\ReadHtmlCacheBehavior [ RunTime:0.005216s ]
INFO: [ app_begin ] --END-- [ RunTime:0.005391s ]
SQL: select count(*)as count from my_email,my_user where my_email.from_id = my_user.id and my_email.to_id = 1 and my_email.isread !=1 [ RunTime:0.0122s ]
INFO: [ app_end ] --START--
INFO: Run Behavior\ShowPageTraceBehavior [ RunTime:0.002693s ]
INFO: [ app_end ] --END-- [ RunTime:0.002838s ]

[ 2018-03-10T07:44:30+08:00 ] 192.168.1.102 /index.php/Admin/Email/getEmail
INFO: [ app_begin ] --START--
INFO: Run Behavior\ReadHtmlCacheBehavior [ RunTime:0.001191s ]
INFO: [ app_begin ] --END-- [ RunTime:0.001272s ]
SQL: select count(*)as count from my_email,my_user where my_email.from_id = my_user.id and my_email.to_id = 1 and my_email.isread !=1 [ RunTime:0.0008s ]
INFO: [ app_end ] --START--
INFO: Run Behavior\ShowPageTraceBehavior [ RunTime:0.001234s ]
INFO: [ app_end ] --END-- [ RunTime:0.001294s ]

[ 2018-03-10T07:44:34+08:00 ] 192.168.1.102 /index.php/Admin/Email/getEmail
INFO: [ app_begin ] --START--
INFO: Run Behavior\ReadHtmlCacheBehavior [ RunTime:0.002229s ]
INFO: [ app_begin ] --END-- [ RunTime:0.002386s ]
SQL: select count(*)as count from my_email,my_user where my_email.from_id = my_user.id and my_email.to_id = 1 and my_email.isread !=1 [ RunTime:0.0007s ]
INFO: [ app_end ] --START--
INFO: Run Behavior\ShowPageTraceBehavior [ RunTime:0.001230s ]
INFO: [ app_end ] --END-- [ RunTime:0.001289s ]

[ 2018-03-10T07:44:40+08:00 ] 192.168.1.102 /index.php/Admin/Email/getEmail
INFO: [ app_begin ] --START--
INFO: Run Behavior\ReadHtmlCacheBehavior [ RunTime:0.005436s ]
INFO: [ app_begin ] --END-- [ RunTime:0.005738s ]
SQL: select count(*)as count from my_email,my_user where my_email.from_id = my_user.id and my_email.to_id = 1 and my_email.isread !=1 [ RunTime:0.0016s ]
INFO: [ app_end ] --START--
INFO: Run Behavior\ShowPageTraceBehavior [ RunTime:0.002828s ]
INFO: [ app_end ] --END-- [ RunTime:0.002959s ]

[ 2018-03-10T07:44:44+08:00 ] 192.168.1.102 /index.php/Admin/Email/getEmail
INFO: [ app_begin ] --START--
INFO: Run Behavior\ReadHtmlCacheBehavior [ RunTime:0.004249s ]
INFO: [ app_begin ] --END-- [ RunTime:0.004585s ]
SQL: select count(*)as count from my_email,my_user where my_email.from_id = my_user.id and my_email.to_id = 1 and my_email.isread !=1 [ RunTime:0.0027s ]
INFO: [ app_end ] --START--
INFO: Run Behavior\ShowPageTraceBehavior [ RunTime:0.004742s ]
INFO: [ app_end ] --END-- [ RunTime:0.004950s ]

[ 2018-03-10T07:44:49+08:00 ] 192.168.1.102 /index.php/Admin/Email/getEmail
INFO: [ app_begin ] --START--
INFO: Run Behavior\ReadHtmlCacheBehavior [ RunTime:0.002308s ]
INFO: [ app_begin ] --END-- [ RunTime:0.002432s ]
SQL: select count(*)as count from my_email,my_user where my_email.from_id = my_user.id and my_email.to_id = 1 and my_email.isread !=1 [ RunTime:0.0014s ]
INFO: [ app_end ] --START--
INFO: Run Behavior\ShowPageTraceBehavior [ RunTime:0.002353s ]
INFO: [ app_end ] --END-- [ RunTime:0.002459s ]

[ 2018-03-10T07:44:54+08:00 ] 192.168.1.102 /index.php/Admin/Email/getEmail
INFO: [ app_begin ] --START--
INFO: Run Behavior\ReadHtmlCacheBehavior [ RunTime:0.002121s ]
INFO: [ app_begin ] --END-- [ RunTime:0.002240s ]
SQL: select count(*)as count from my_email,my_user where my_email.from_id = my_user.id and my_email.to_id = 1 and my_email.isread !=1 [ RunTime:0.0010s ]
INFO: [ app_end ] --START--
INFO: Run Behavior\ShowPageTraceBehavior [ RunTime:0.001804s ]
INFO: [ app_end ] --END-- [ RunTime:0.001885s ]

[ 2018-03-10T07:44:59+08:00 ] 192.168.1.102 /index.php/Admin/Email/getEmail
INFO: [ app_begin ] --START--
INFO: Run Behavior\ReadHtmlCacheBehavior [ RunTime:0.002626s ]
INFO: [ app_begin ] --END-- [ RunTime:0.002801s ]
SQL: select count(*)as count from my_email,my_user where my_email.from_id = my_user.id and my_email.to_id = 1 and my_email.isread !=1 [ RunTime:0.0016s ]
INFO: [ app_end ] --START--
INFO: Run Behavior\ShowPageTraceBehavior [ RunTime:0.002875s ]
INFO: [ app_end ] --END-- [ RunTime:0.003001s ]

[ 2018-03-10T07:45:04+08:00 ] 192.168.1.102 /index.php/Admin/Email/getEmail
INFO: [ app_begin ] --START--
INFO: Run Behavior\ReadHtmlCacheBehavior [ RunTime:0.001508s ]
INFO: [ app_begin ] --END-- [ RunTime:0.001601s ]
SQL: select count(*)as count from my_email,my_user where my_email.from_id = my_user.id and my_email.to_id = 1 and my_email.isread !=1 [ RunTime:0.0009s ]
INFO: [ app_end ] --START--
INFO: Run Behavior\ShowPageTraceBehavior [ RunTime:0.001788s ]
INFO: [ app_end ] --END-- [ RunTime:0.001874s ]

[ 2018-03-10T07:45:09+08:00 ] 192.168.1.102 /index.php/Admin/Email/getEmail
INFO: [ app_begin ] --START--
INFO: Run Behavior\ReadHtmlCacheBehavior [ RunTime:0.001529s ]
INFO: [ app_begin ] --END-- [ RunTime:0.001632s ]
SQL: select count(*)as count from my_email,my_user where my_email.from_id = my_user.id and my_email.to_id = 1 and my_email.isread !=1 [ RunTime:0.0010s ]
INFO: [ app_end ] --START--
INFO: Run Behavior\ShowPageTraceBehavior [ RunTime:0.001798s ]
INFO: [ app_end ] --END-- [ RunTime:0.001884s ]

[ 2018-03-10T07:45:14+08:00 ] 192.168.1.102 /index.php/Admin/Email/getEmail
INFO: [ app_begin ] --START--
INFO: Run Behavior\ReadHtmlCacheBehavior [ RunTime:0.001469s ]
INFO: [ app_begin ] --END-- [ RunTime:0.001572s ]
SQL: select count(*)as count from my_email,my_user where my_email.from_id = my_user.id and my_email.to_id = 1 and my_email.isread !=1 [ RunTime:0.0011s ]
INFO: [ app_end ] --START--
INFO: Run Behavior\ShowPageTraceBehavior [ RunTime:0.001795s ]
INFO: [ app_end ] --END-- [ RunTime:0.001883s ]

[ 2018-03-10T07:45:19+08:00 ] 192.168.1.102 /index.php/Admin/Email/getEmail
INFO: [ app_begin ] --START--
INFO: Run Behavior\ReadHtmlCacheBehavior [ RunTime:0.002591s ]
INFO: [ app_begin ] --END-- [ RunTime:0.002836s ]
SQL: select count(*)as count from my_email,my_user where my_email.from_id = my_user.id and my_email.to_id = 1 and my_email.isread !=1 [ RunTime:0.0020s ]
INFO: [ app_end ] --START--
INFO: Run Behavior\ShowPageTraceBehavior [ RunTime:0.003323s ]
INFO: [ app_end ] --END-- [ RunTime:0.003510s ]

[ 2018-03-10T07:45:24+08:00 ] 192.168.1.102 /index.php/Admin/Email/getEmail
INFO: [ app_begin ] --START--
INFO: Run Behavior\ReadHtmlCacheBehavior [ RunTime:0.003925s ]
INFO: [ app_begin ] --END-- [ RunTime:0.004063s ]
SQL: select count(*)as count from my_email,my_user where my_email.from_id = my_user.id and my_email.to_id = 1 and my_email.isread !=1 [ RunTime:0.0006s ]
INFO: [ app_end ] --START--
INFO: Run Behavior\ShowPageTraceBehavior [ RunTime:0.001098s ]
INFO: [ app_end ] --END-- [ RunTime:0.001184s ]

[ 2018-03-10T07:45:30+08:00 ] 192.168.1.102 /index.php/Admin/Email/getEmail
INFO: [ app_begin ] --START--
INFO: Run Behavior\ReadHtmlCacheBehavior [ RunTime:0.006580s ]
INFO: [ app_begin ] --END-- [ RunTime:0.006958s ]
SQL: select count(*)as count from my_email,my_user where my_email.from_id = my_user.id and my_email.to_id = 1 and my_email.isread !=1 [ RunTime:0.0015s ]
INFO: [ app_end ] --START--
INFO: Run Behavior\ShowPageTraceBehavior [ RunTime:0.002896s ]
INFO: [ app_end ] --END-- [ RunTime:0.003052s ]

[ 2018-03-10T07:45:34+08:00 ] 192.168.1.102 /index.php/Admin/Email/getEmail
INFO: [ app_begin ] --START--
INFO: Run Behavior\ReadHtmlCacheBehavior [ RunTime:0.002582s ]
INFO: [ app_begin ] --END-- [ RunTime:0.002735s ]
SQL: select count(*)as count from my_email,my_user where my_email.from_id = my_user.id and my_email.to_id = 1 and my_email.isread !=1 [ RunTime:0.0018s ]
INFO: [ app_end ] --START--
INFO: Run Behavior\ShowPageTraceBehavior [ RunTime:0.002778s ]
INFO: [ app_end ] --END-- [ RunTime:0.002941s ]

[ 2018-03-10T07:45:39+08:00 ] 192.168.1.102 /index.php/Admin/Email/getEmail
INFO: [ app_begin ] --START--
INFO: Run Behavior\ReadHtmlCacheBehavior [ RunTime:0.003459s ]
INFO: [ app_begin ] --END-- [ RunTime:0.003640s ]
SQL: select count(*)as count from my_email,my_user where my_email.from_id = my_user.id and my_email.to_id = 1 and my_email.isread !=1 [ RunTime:0.0026s ]
INFO: [ app_end ] --START--
INFO: Run Behavior\ShowPageTraceBehavior [ RunTime:0.003319s ]
INFO: [ app_end ] --END-- [ RunTime:0.003519s ]

[ 2018-03-10T07:45:45+08:00 ] 192.168.1.102 /index.php/Admin/Email/getEmail
INFO: [ app_begin ] --START--
INFO: Run Behavior\ReadHtmlCacheBehavior [ RunTime:0.004617s ]
INFO: [ app_begin ] --END-- [ RunTime:0.004860s ]
SQL: select count(*)as count from my_email,my_user where my_email.from_id = my_user.id and my_email.to_id = 1 and my_email.isread !=1 [ RunTime:0.0026s ]
INFO: [ app_end ] --START--
INFO: Run Behavior\ShowPageTraceBehavior [ RunTime:0.004408s ]
INFO: [ app_end ] --END-- [ RunTime:0.004614s ]

[ 2018-03-10T07:45:49+08:00 ] 192.168.1.102 /index.php/Admin/Email/getEmail
INFO: [ app_begin ] --START--
INFO: Run Behavior\ReadHtmlCacheBehavior [ RunTime:0.003543s ]
INFO: [ app_begin ] --END-- [ RunTime:0.004220s ]
SQL: select count(*)as count from my_email,my_user where my_email.from_id = my_user.id and my_email.to_id = 1 and my_email.isread !=1 [ RunTime:0.0010s ]
INFO: [ app_end ] --START--
INFO: Run Behavior\ShowPageTraceBehavior [ RunTime:0.001199s ]
INFO: [ app_end ] --END-- [ RunTime:0.001278s ]

[ 2018-03-10T07:45:54+08:00 ] 192.168.1.102 /index.php/Admin/Email/getEmail
INFO: [ app_begin ] --START--
INFO: Run Behavior\ReadHtmlCacheBehavior [ RunTime:0.001381s ]
INFO: [ app_begin ] --END-- [ RunTime:0.001473s ]
SQL: select count(*)as count from my_email,my_user where my_email.from_id = my_user.id and my_email.to_id = 1 and my_email.isread !=1 [ RunTime:0.0007s ]
INFO: [ app_end ] --START--
INFO: Run Behavior\ShowPageTraceBehavior [ RunTime:0.001091s ]
INFO: [ app_end ] --END-- [ RunTime:0.001142s ]

[ 2018-03-10T07:45:59+08:00 ] 192.168.1.102 /index.php/Admin/Email/getEmail
INFO: [ app_begin ] --START--
INFO: Run Behavior\ReadHtmlCacheBehavior [ RunTime:0.001760s ]
INFO: [ app_begin ] --END-- [ RunTime:0.001879s ]
SQL: select count(*)as count from my_email,my_user where my_email.from_id = my_user.id and my_email.to_id = 1 and my_email.isread !=1 [ RunTime:0.0010s ]
INFO: [ app_end ] --START--
INFO: Run Behavior\ShowPageTraceBehavior [ RunTime:0.002018s ]
INFO: [ app_end ] --END-- [ RunTime:0.002120s ]

[ 2018-03-10T07:46:04+08:00 ] 192.168.1.102 /index.php/Admin/Email/getEmail
INFO: [ app_begin ] --START--
INFO: Run Behavior\ReadHtmlCacheBehavior [ RunTime:0.002866s ]
INFO: [ app_begin ] --END-- [ RunTime:0.002989s ]
SQL: select count(*)as count from my_email,my_user where my_email.from_id = my_user.id and my_email.to_id = 1 and my_email.isread !=1 [ RunTime:0.0006s ]
INFO: [ app_end ] --START--
INFO: Run Behavior\ShowPageTraceBehavior [ RunTime:0.001175s ]
INFO: [ app_end ] --END-- [ RunTime:0.001229s ]

[ 2018-03-10T07:46:09+08:00 ] 192.168.1.102 /index.php/Admin/Email/getEmail
INFO: [ app_begin ] --START--
INFO: Run Behavior\ReadHtmlCacheBehavior [ RunTime:0.002386s ]
INFO: [ app_begin ] --END-- [ RunTime:0.002601s ]
SQL: select count(*)as count from my_email,my_user where my_email.from_id = my_user.id and my_email.to_id = 1 and my_email.isread !=1 [ RunTime:0.0013s ]
INFO: [ app_end ] --START--
INFO: Run Behavior\ShowPageTraceBehavior [ RunTime:0.002244s ]
INFO: [ app_end ] --END-- [ RunTime:0.002350s ]

